<?xml version="1.0" encoding="UTF-8"?>
<!-- Generated by org.testng.reporters.JUnitReportReporter -->
<testsuite hostname="DESKTOP-NH20ML0" failures="0" tests="5" name="com.costa.luiz.testng.AirplaneTest" time="29.589" errors="0" timestamp="2022-08-25T04:36:33 BDT" skipped="0">
  <testcase classname="com.costa.luiz.testng.AirplaneTest" name="engine" time="0.005"/>
  <system-out/>
  <testcase classname="com.costa.luiz.testng.AirplaneTest" name="engine" time="0.130"/>
  <system-out/>
  <testcase classname="com.costa.luiz.testng.AirplaneTest" name="engine" time="0.007"/>
  <system-out/>
  <testcase classname="com.costa.luiz.testng.AirplaneTest" name="brakes" time="0.004"/>
  <system-out/>
  <testcase classname="com.costa.luiz.testng.AirplaneTest" name="entertainmentSystem" time="29.443"/>
  <system-out/>
</testsuite> <!-- com.costa.luiz.testng.AirplaneTest -->
